Classes: ['bulk_export', 'normal', 'project_scan', 'source_copy']
Building vocab + feature matrices …
  scalars: 3 features
  freq: 20 features
  seq: 429 features
  trans: 117 features
  ctx: 8 features

Training full-fusion RF …
  full-fusion test acc: 0.6924

Gini importance grouped →
  group  sum_importance  pct_of_total  n_features
    seq        0.645223      0.645223         429
  trans        0.202749      0.202749         117
    ctx        0.099947      0.099947           8
   freq        0.048442      0.048442          20
scalars        0.003638      0.003638           3

Global permutation importance (shuffle each group, 5 seeds) …
  scalars     mean drop=0.0014  std=0.0005
  freq        mean drop=-0.0001  std=0.0007
  seq         mean drop=0.1271  std=0.0046
  trans       mean drop=-0.0068  std=0.0026
  ctx         mean drop=0.0054  std=0.0009

Per-class permutation importance (one-vs-rest binary RFs) …
  [bulk_export] binary RF base acc=0.7153
  [normal] binary RF base acc=0.8680
  [project_scan] binary RF base acc=0.7248
  [source_copy] binary RF base acc=0.7079

Per-class permutation importance (mean acc drop):
class    bulk_export  normal  project_scan  source_copy
group                                                  
scalars      -0.1305  0.0001       -0.0010       0.0001
freq         -0.1309  0.0006       -0.0247      -0.0993
seq          -0.0628  0.2083       -0.0387      -0.0789
trans        -0.1313  0.0357       -0.0986      -0.0980
ctx          -0.0918  0.0015       -0.0015      -0.0797

Gini    → models/fusion_advantage/importance/kicad/gini_importance_grouped.csv
Perm    → models/fusion_advantage/importance/kicad/permutation_importance_global.csv
PerCls  → models/fusion_advantage/importance/kicad/permutation_importance_per_class.csv
